************* Module .pylintrc
.pylintrc:1: [E0015(unrecognized-option), ] Unrecognized option found: no-space-check
************* Module journify.test.client
journify/test/client.py:4: [E0401(import-error), ] Unable to import 'mock'
journify/test/client.py:12: [W0221(arguments-differ), TestClient.fail] Number of parameters was 2 in 'TestCase.fail' and is now 3 in overriding 'TestClient.fail' method
journify/test/client.py:12: [W0613(unused-argument), TestClient.fail] Unused argument 'e'
journify/test/client.py:12: [W0613(unused-argument), TestClient.fail] Unused argument 'batch'
journify/test/client.py:68: [E1121(too-many-function-args), TestClient.test_advanced_track] Too many positional arguments for method call
journify/test/client.py:104: [E1121(too-many-function-args), TestClient.test_advanced_identify] Too many positional arguments for method call
journify/test/client.py:138: [E1121(too-many-function-args), TestClient.test_advanced_group] Too many positional arguments for method call
journify/test/client.py:171: [E1121(too-many-function-args), TestClient.test_advanced_page] Too many positional arguments for method call
journify/test/client.py:280: [W0613(unused-argument), TestClient.test_user_defined_upload_size.mock_post_fn] Unused argument 'args'
journify/test/client.py:304: [W0612(unused-variable), TestClient.test_proxies] Unused variable 'msg'
journify/test/client.py:10: [R0904(too-many-public-methods), TestClient] Too many public methods (28/20)
************* Module journify.test.request
journify/test/request.py:36: [C0209(consider-using-f-string), TestRequests.test_date_serialization] Formatting a regular string which could be a f-string
************* Module journify.test
journify/test/__init__.py:13: [W0622(redefined-builtin), all] Redefining built-in 'all'
************* Module journify.test.consumer
journify/test/consumer.py:2: [E0401(import-error), ] Unable to import 'mock'
journify/test/consumer.py:21: [W0622(redefined-builtin), TestConsumer.test_next] Redefining built-in 'next'
journify/test/consumer.py:30: [W0622(redefined-builtin), TestConsumer.test_next_limit] Redefining built-in 'next'
journify/test/consumer.py:38: [W0622(redefined-builtin), TestConsumer.test_dropping_oversize_msg] Redefining built-in 'next'
journify/test/consumer.py:67: [C0209(consider-using-f-string), TestConsumer.test_upload_interval] Formatting a regular string which could be a f-string
journify/test/consumer.py:87: [C0209(consider-using-f-string), TestConsumer.test_multiple_uploads_per_interval] Formatting a regular string which could be a f-string
journify/test/consumer.py:107: [W0613(unused-argument), TestConsumer._test_request_retry.mock_post] Unused argument 'args'
journify/test/consumer.py:107: [W0613(unused-argument), TestConsumer._test_request_retry.mock_post] Unused argument 'kwargs'
journify/test/consumer.py:134: [C0209(consider-using-f-string), TestConsumer._test_request_retry] Formatting a regular string which could be a f-string
journify/test/consumer.py:189: [C0209(consider-using-f-string), TestConsumer.test_max_batch_size.mock_post_fn] Formatting a regular string which could be a f-string
journify/test/consumer.py:185: [W0613(unused-argument), TestConsumer.test_max_batch_size.mock_post_fn] Unused argument 'kwargs'
journify/test/consumer.py:3: [C0411(wrong-import-order), ] standard import "import time" should be placed before "import mock"
journify/test/consumer.py:4: [C0411(wrong-import-order), ] standard import "import json" should be placed before "import mock"


Report
======
872 statements analysed.

Statistics by type
------------------

+---------+-------+-----------+-----------+------------+---------+
|type     |number |old number |difference |%documented |%badname |
+=========+=======+===========+===========+============+=========+
|module   |12     |12         |=          |25.00       |0.00     |
+---------+-------+-----------+-----------+------------+---------+
|class    |11     |11         |=          |27.27       |0.00     |
+---------+-------+-----------+-----------+------------+---------+
|method   |91     |91         |=          |20.88       |1.10     |
+---------+-------+-----------+-----------+------------+---------+
|function |28     |28         |=          |82.14       |0.00     |
+---------+-------+-----------+-----------+------------+---------+



1469 lines have been analyzed

Raw metrics
-----------

+----------+-------+------+---------+-----------+
|type      |number |%     |previous |difference |
+==========+=======+======+=========+===========+
|code      |994    |67.67 |997      |-3.00      |
+----------+-------+------+---------+-----------+
|docstring |150    |10.21 |150      |=          |
+----------+-------+------+---------+-----------+
|comment   |67     |4.56  |67       |=          |
+----------+-------+------+---------+-----------+
|empty     |258    |17.56 |250      |+8.00      |
+----------+-------+------+---------+-----------+



Duplication
-----------

+-------------------------+------+---------+-----------+
|                         |now   |previous |difference |
+=========================+======+=========+===========+
|nb duplicated lines      |0     |0        |0          |
+-------------------------+------+---------+-----------+
|percent duplicated lines |0.000 |0.000    |=          |
+-------------------------+------+---------+-----------+



Messages by category
--------------------

+-----------+-------+---------+-----------+
|type       |number |previous |difference |
+===========+=======+=========+===========+
|convention |7      |9        |9          |
+-----------+-------+---------+-----------+
|refactor   |1      |3        |3          |
+-----------+-------+---------+-----------+
|warning    |12     |13       |13         |
+-----------+-------+---------+-----------+
|error      |6      |6        |6          |
+-----------+-------+---------+-----------+



Messages
--------

+------------------------+------------+
|message id              |occurrences |
+========================+============+
|unused-argument         |6           |
+------------------------+------------+
|consider-using-f-string |5           |
+------------------------+------------+
|too-many-function-args  |4           |
+------------------------+------------+
|redefined-builtin       |4           |
+------------------------+------------+
|wrong-import-order      |2           |
+------------------------+------------+
|import-error            |2           |
+------------------------+------------+
|unused-variable         |1           |
+------------------------+------------+
|too-many-public-methods |1           |
+------------------------+------------+
|arguments-differ        |1           |
+------------------------+------------+




------------------------------------------------------------------
Your code has been rated at 9.43/10 (previous run: 9.37/10, +0.06)

